This file contains any messages produced by compilers while
running configure, to aid debugging if configure makes a mistake.

It was created by simplelib configure 0.1.0, which was
generated by GNU Autoconf 2.71.  Invocation command line was

  $ ./configure

## --------- ##
## Platform. ##
## --------- ##

hostname = shepard
uname -m = x86_64
uname -r = 5.18.6-200.fc36.x86_64
uname -s = Linux
uname -v = #1 SMP PREEMPT_DYNAMIC Wed Jun 22 13:46:18 UTC 2022

/usr/bin/uname -p = x86_64
/bin/uname -X     = unknown

/bin/arch              = x86_64
/usr/bin/arch -k       = unknown
/usr/convex/getsysinfo = unknown
/usr/bin/hostinfo      = unknown
/bin/machine           = unknown
/usr/bin/oslevel       = unknown
/bin/universe          = unknown

PATH: /home/deciduously/.nix-profile/bin/
PATH: /nix/var/nix/profiles/default/bin/
PATH: /home/deciduously/.nix-profile/bin/
PATH: /nix/var/nix/profiles/default/bin/
PATH: /home/deciduously/.cabal/bin/
PATH: /home/deciduously/.ghcup/bin/
PATH: /home/deciduously/.local/bin/
PATH: /home/deciduously/bin/
PATH: /home/deciduously/.nix-profile/bin/
PATH: /nix/var/nix/profiles/default/bin/
PATH: /usr/lib64/ccache/
PATH: /home/deciduously/.cargo/bin/
PATH: /usr/local/bin/
PATH: /usr/bin/
PATH: /bin/
PATH: /usr/local/sbin/
PATH: /usr/sbin/
PATH: /sbin/


## ----------- ##
## Core tests. ##
## ----------- ##

configure:2354: looking for aux files: config.guess config.sub ltmain.sh compile ar-lib missing install-sh
configure:2367:  trying ./
configure:2396:   ./config.guess found
configure:2396:   ./config.sub found
configure:2396:   ./ltmain.sh found
configure:2396:   ./compile found
configure:2396:   ./ar-lib found
configure:2396:   ./missing found
configure:2378:   ./install-sh found
configure:2525: checking for a BSD-compatible install
configure:2598: result: /usr/bin/install -c
configure:2609: checking whether build environment is sane
configure:2664: result: yes
configure:2823: checking for a race-free mkdir -p
configure:2867: result: /usr/bin/mkdir -p
configure:2874: checking for gawk
configure:2895: found /usr/bin/gawk
configure:2906: result: gawk
configure:2917: checking whether make sets $(MAKE)
configure:2940: result: yes
configure:2970: checking whether make supports nested variables
configure:2988: result: yes
configure:3137: checking whether make supports the include directive
configure:3152: make -f confmf.GNU && cat confinc.out
this is the am__doit target
configure:3155: $? = 0
configure:3174: result: yes (GNU style)
configure:3250: checking for gcc
configure:3271: found /usr/lib64/ccache/gcc
configure:3282: result: gcc
configure:3635: checking for C compiler version
configure:3644: gcc --version >&5
gcc (GCC) 12.1.1 20220507 (Red Hat 12.1.1-1)
Copyright (C) 2022 Free Software Foundation, Inc.
This is free software; see the source for copying conditions.  There is NO
warranty; not even for MERCHANTABILITY or FITNESS FOR A PARTICULAR PURPOSE.

configure:3655: $? = 0
configure:3644: gcc -v >&5
Using built-in specs.
COLLECT_GCC=/usr/bin/gcc
COLLECT_LTO_WRAPPER=/usr/libexec/gcc/x86_64-redhat-linux/12/lto-wrapper
OFFLOAD_TARGET_NAMES=nvptx-none
OFFLOAD_TARGET_DEFAULT=1
Target: x86_64-redhat-linux
Configured with: ../configure --enable-bootstrap --enable-languages=c,c++,fortran,objc,obj-c++,ada,go,d,lto --prefix=/usr --mandir=/usr/share/man --infodir=/usr/share/info --with-bugurl=http://bugzilla.redhat.com/bugzilla --enable-shared --enable-threads=posix --enable-checking=release --enable-multilib --with-system-zlib --enable-__cxa_atexit --disable-libunwind-exceptions --enable-gnu-unique-object --enable-linker-build-id --with-gcc-major-version-only --enable-libstdcxx-backtrace --with-linker-hash-style=gnu --enable-plugin --enable-initfini-array --with-isl=/builddir/build/BUILD/gcc-12.1.1-20220507/obj-x86_64-redhat-linux/isl-install --enable-offload-targets=nvptx-none --without-cuda-driver --enable-offload-defaulted --enable-gnu-indirect-function --enable-cet --with-tune=generic --with-arch_32=i686 --build=x86_64-redhat-linux --with-build-config=bootstrap-lto --enable-link-serialization=1
Thread model: posix
Supported LTO compression algorithms: zlib zstd
gcc version 12.1.1 20220507 (Red Hat 12.1.1-1) (GCC) 
... rest of stderr output deleted ...
configure:3655: $? = 0
configure:3644: gcc -V >&5
gcc: error: unrecognized command-line option '-V'
gcc: fatal error: no input files
compilation terminated.
configure:3655: $? = 1
configure:3644: gcc -qversion >&5
gcc: error: unrecognized command-line option '-qversion'; did you mean '--version'?
gcc: fatal error: no input files
compilation terminated.
configure:3655: $? = 1
configure:3644: gcc -version >&5
gcc: error: unrecognized command-line option '-version'
gcc: fatal error: no input files
compilation terminated.
configure:3655: $? = 1
configure:3675: checking whether the C compiler works
configure:3697: gcc    conftest.c  >&5
configure:3701: $? = 0
configure:3751: result: yes
configure:3754: checking for C compiler default output file name
configure:3756: result: a.out
configure:3762: checking for suffix of executables
configure:3769: gcc -o conftest    conftest.c  >&5
configure:3773: $? = 0
configure:3796: result: 
configure:3818: checking whether we are cross compiling
configure:3826: gcc -o conftest    conftest.c  >&5
configure:3830: $? = 0
configure:3837: ./conftest
configure:3841: $? = 0
configure:3856: result: no
configure:3861: checking for suffix of object files
configure:3884: gcc -c   conftest.c >&5
configure:3888: $? = 0
configure:3910: result: o
configure:3914: checking whether the compiler supports GNU C
configure:3934: gcc -c   conftest.c >&5
configure:3934: $? = 0
configure:3944: result: yes
configure:3955: checking whether gcc accepts -g
configure:3976: gcc -c -g  conftest.c >&5
configure:3976: $? = 0
configure:4020: result: yes
configure:4040: checking for gcc option to enable C11 features
configure:4055: gcc  -c -g -O2  conftest.c >&5
configure:4055: $? = 0
configure:4073: result: none needed
configure:4189: checking whether gcc understands -c and -o together
configure:4212: gcc -c conftest.c -o conftest2.o
configure:4215: $? = 0
configure:4212: gcc -c conftest.c -o conftest2.o
configure:4215: $? = 0
configure:4227: result: yes
configure:4246: checking dependency style of gcc
configure:4358: result: gcc3
configure:4429: checking for ar
configure:4450: found /usr/bin/ar
configure:4461: result: ar
configure:4487: checking the archiver (ar) interface
configure:4504: gcc -c -g -O2  conftest.c >&5
configure:4504: $? = 0
configure:4507: ar cru libconftest.a conftest.o >&5
configure:4510: $? = 0
configure:4538: result: ar
configure:4591: checking build system type
configure:4606: result: x86_64-pc-linux-gnu
configure:4626: checking host system type
configure:4640: result: x86_64-pc-linux-gnu
configure:4681: checking how to print strings
configure:4708: result: printf
configure:4729: checking for a sed that does not truncate output
configure:4799: result: /usr/bin/sed
configure:4817: checking for grep that handles long lines and -e
configure:4881: result: /usr/bin/grep
configure:4886: checking for egrep
configure:4954: result: /usr/bin/grep -E
configure:4959: checking for fgrep
configure:5027: result: /usr/bin/grep -F
configure:5063: checking for ld used by gcc
configure:5131: result: /usr/bin/ld
configure:5138: checking if the linker (/usr/bin/ld) is GNU ld
configure:5154: result: yes
configure:5166: checking for BSD- or MS-compatible name lister (nm)
configure:5221: result: /usr/bin/nm -B
configure:5361: checking the name lister (/usr/bin/nm -B) interface
configure:5369: gcc -c -g -O2  conftest.c >&5
configure:5372: /usr/bin/nm -B "conftest.o"
configure:5375: output
0000000000000000 B some_variable
configure:5382: result: BSD nm
configure:5385: checking whether ln -s works
configure:5389: result: yes
configure:5397: checking the maximum length of command line arguments
configure:5529: result: 1572864
configure:5577: checking how to convert x86_64-pc-linux-gnu file names to x86_64-pc-linux-gnu format
configure:5618: result: func_convert_file_noop
configure:5625: checking how to convert x86_64-pc-linux-gnu file names to toolchain format
configure:5646: result: func_convert_file_noop
configure:5653: checking for /usr/bin/ld option to reload object files
configure:5661: result: -r
configure:5740: checking for file
configure:5761: found /usr/bin/file
configure:5772: result: file
configure:5848: checking for objdump
configure:5869: found /usr/bin/objdump
configure:5880: result: objdump
configure:5912: checking how to recognize dependent libraries
configure:6113: result: pass_all
configure:6203: checking for dlltool
configure:6238: result: no
configure:6268: checking how to associate runtime and link libraries
configure:6296: result: printf %s\n
configure:6446: checking for archiver @FILE support
configure:6464: gcc -c -g -O2  conftest.c >&5
configure:6464: $? = 0
configure:6468: ar cr libconftest.a @conftest.lst >&5
configure:6471: $? = 0
configure:6476: ar cr libconftest.a @conftest.lst >&5
ar: conftest.o: No such file or directory
configure:6479: $? = 1
configure:6491: result: @
configure:6554: checking for strip
configure:6575: found /usr/bin/strip
configure:6586: result: strip
configure:6663: checking for ranlib
configure:6684: found /usr/bin/ranlib
configure:6695: result: ranlib
configure:6797: checking command to parse /usr/bin/nm -B output from gcc object
configure:6951: gcc -c -g -O2  conftest.c >&5
configure:6954: $? = 0
configure:6958: /usr/bin/nm -B conftest.o \| /usr/bin/sed -n -e 's/^.*[ ]\([ABCDGIRSTW][ABCDGIRSTW]*\)[ ][ ]*\([_A-Za-z][_A-Za-z0-9]*\)$/\1 \2 \2/p' | /usr/bin/sed '/ __gnu_lto/d' \> conftest.nm
configure:6961: $? = 0
configure:7027: gcc -o conftest -g -O2   conftest.c conftstm.o >&5
configure:7030: $? = 0
configure:7068: result: ok
configure:7115: checking for sysroot
configure:7146: result: no
configure:7153: checking for a working dd
configure:7197: result: /usr/bin/dd
configure:7201: checking how to truncate binary pipes
configure:7217: result: /usr/bin/dd bs=4096 count=1
configure:7354: gcc -c -g -O2  conftest.c >&5
configure:7357: $? = 0
configure:7554: checking for mt
configure:7589: result: no
configure:7609: checking if : is a manifest tool
configure:7616: : '-?'
configure:7624: result: no
configure:8349: checking for stdio.h
configure:8349: gcc -c -g -O2  conftest.c >&5
configure:8349: $? = 0
configure:8349: result: yes
configure:8349: checking for stdlib.h
configure:8349: gcc -c -g -O2  conftest.c >&5
configure:8349: $? = 0
configure:8349: result: yes
configure:8349: checking for string.h
configure:8349: gcc -c -g -O2  conftest.c >&5
configure:8349: $? = 0
configure:8349: result: yes
configure:8349: checking for inttypes.h
configure:8349: gcc -c -g -O2  conftest.c >&5
configure:8349: $? = 0
configure:8349: result: yes
configure:8349: checking for stdint.h
configure:8349: gcc -c -g -O2  conftest.c >&5
configure:8349: $? = 0
configure:8349: result: yes
configure:8349: checking for strings.h
configure:8349: gcc -c -g -O2  conftest.c >&5
configure:8349: $? = 0
configure:8349: result: yes
configure:8349: checking for sys/stat.h
configure:8349: gcc -c -g -O2  conftest.c >&5
configure:8349: $? = 0
configure:8349: result: yes
configure:8349: checking for sys/types.h
configure:8349: gcc -c -g -O2  conftest.c >&5
configure:8349: $? = 0
configure:8349: result: yes
configure:8349: checking for unistd.h
configure:8349: gcc -c -g -O2  conftest.c >&5
configure:8349: $? = 0
configure:8349: result: yes
configure:8374: checking for dlfcn.h
configure:8374: gcc -c -g -O2  conftest.c >&5
configure:8374: $? = 0
configure:8374: result: yes
configure:8632: checking for objdir
configure:8648: result: .libs
configure:8912: checking if gcc supports -fno-rtti -fno-exceptions
configure:8931: gcc -c -g -O2  -fno-rtti -fno-exceptions conftest.c >&5
cc1: warning: command-line option '-fno-rtti' is valid for C++/D/ObjC++ but not for C
configure:8935: $? = 0
configure:8948: result: no
configure:9306: checking for gcc option to produce PIC
configure:9314: result: -fPIC -DPIC
configure:9322: checking if gcc PIC flag -fPIC -DPIC works
configure:9341: gcc -c -g -O2  -fPIC -DPIC -DPIC conftest.c >&5
configure:9345: $? = 0
configure:9358: result: yes
configure:9387: checking if gcc static flag -static works
configure:9416: result: yes
configure:9431: checking if gcc supports -c -o file.o
configure:9453: gcc -c -g -O2  -o out/conftest2.o conftest.c >&5
configure:9457: $? = 0
configure:9479: result: yes
configure:9487: checking if gcc supports -c -o file.o
configure:9535: result: yes
configure:9568: checking whether the gcc linker (/usr/bin/ld -m elf_x86_64) supports shared libraries
configure:10836: result: yes
configure:10873: checking whether -lc should be explicitly linked in
configure:10882: gcc -c -g -O2  conftest.c >&5
configure:10885: $? = 0
configure:10900: gcc -shared  -fPIC -DPIC conftest.o  -v -Wl,-soname -Wl,conftest -o conftest 2\>\&1 \| /usr/bin/grep  -lc  \>/dev/null 2\>\&1
configure:10903: $? = 0
configure:10917: result: no
configure:11077: checking dynamic linker characteristics
configure:11659: gcc -o conftest -g -O2   -Wl,-rpath -Wl,/foo conftest.c  >&5
configure:11659: $? = 0
configure:11901: result: GNU/Linux ld.so
configure:12023: checking how to hardcode library paths into programs
configure:12048: result: immediate
configure:12150: checking for shl_load
configure:12150: gcc -o conftest -g -O2   conftest.c  >&5
/usr/bin/ld: /tmp/cchnUXXr.o: in function `main':
/home/deciduously/code/simplelib/conftest.c:50: undefined reference to `shl_load'
collect2: error: ld returned 1 exit status
configure:12150: $? = 1
configure: failed program was:
| /* confdefs.h */
| #define PACKAGE_NAME "simplelib"
| #define PACKAGE_TARNAME "simplelib"
| #define PACKAGE_VERSION "0.1.0"
| #define PACKAGE_STRING "simplelib 0.1.0"
| #define PACKAGE_BUGREPORT "bugs@tangram.dev"
| #define PACKAGE_URL ""
| #define PACKAGE "simplelib"
| #define VERSION "0.1.0"
| #define HAVE_STDIO_H 1
| #define HAVE_STDLIB_H 1
| #define HAVE_STRING_H 1
| #define HAVE_INTTYPES_H 1
| #define HAVE_STDINT_H 1
| #define HAVE_STRINGS_H 1
| #define HAVE_SYS_STAT_H 1
| #define HAVE_SYS_TYPES_H 1
| #define HAVE_UNISTD_H 1
| #define STDC_HEADERS 1
| #define HAVE_DLFCN_H 1
| #define LT_OBJDIR ".libs/"
| /* end confdefs.h.  */
| /* Define shl_load to an innocuous variant, in case <limits.h> declares shl_load.
|    For example, HP-UX 11i <limits.h> declares gettimeofday.  */
| #define shl_load innocuous_shl_load
| 
| /* System header to define __stub macros and hopefully few prototypes,
|    which can conflict with char shl_load (); below.  */
| 
| #include <limits.h>
| #undef shl_load
| 
| /* Override any GCC internal prototype to avoid an error.
|    Use char because int might match the return type of a GCC
|    builtin and then its argument prototype would still apply.  */
| #ifdef __cplusplus
| extern "C"
| #endif
| char shl_load ();
| /* The GNU C library defines this for functions which it implements
|     to always fail with ENOSYS.  Some functions are actually named
|     something starting with __ and the normal name is an alias.  */
| #if defined __stub_shl_load || defined __stub___shl_load
| choke me
| #endif
| 
| int
| main (void)
| {
| return shl_load ();
|   ;
|   return 0;
| }
configure:12150: result: no
configure:12155: checking for shl_load in -ldld
configure:12178: gcc -o conftest -g -O2   conftest.c -ldld   >&5
/usr/bin/ld: cannot find -ldld
collect2: error: ld returned 1 exit status
configure:12178: $? = 1
configure: failed program was:
| /* confdefs.h */
| #define PACKAGE_NAME "simplelib"
| #define PACKAGE_TARNAME "simplelib"
| #define PACKAGE_VERSION "0.1.0"
| #define PACKAGE_STRING "simplelib 0.1.0"
| #define PACKAGE_BUGREPORT "bugs@tangram.dev"
| #define PACKAGE_URL ""
| #define PACKAGE "simplelib"
| #define VERSION "0.1.0"
| #define HAVE_STDIO_H 1
| #define HAVE_STDLIB_H 1
| #define HAVE_STRING_H 1
| #define HAVE_INTTYPES_H 1
| #define HAVE_STDINT_H 1
| #define HAVE_STRINGS_H 1
| #define HAVE_SYS_STAT_H 1
| #define HAVE_SYS_TYPES_H 1
| #define HAVE_UNISTD_H 1
| #define STDC_HEADERS 1
| #define HAVE_DLFCN_H 1
| #define LT_OBJDIR ".libs/"
| /* end confdefs.h.  */
| 
| /* Override any GCC internal prototype to avoid an error.
|    Use char because int might match the return type of a GCC
|    builtin and then its argument prototype would still apply.  */
| char shl_load ();
| int
| main (void)
| {
| return shl_load ();
|   ;
|   return 0;
| }
configure:12188: result: no
configure:12194: checking for dlopen
configure:12194: gcc -o conftest -g -O2   conftest.c  >&5
configure:12194: $? = 0
configure:12194: result: yes
configure:12352: checking whether a program can dlopen itself
configure:12433: gcc -o conftest -g -O2  -DHAVE_DLFCN_H  -Wl,--export-dynamic conftest.c   >&5
configure:12436: $? = 0
configure:12454: result: yes
configure:12459: checking whether a statically linked program can dlopen itself
configure:12540: gcc -o conftest -g -O2  -DHAVE_DLFCN_H  -Wl,--export-dynamic -static conftest.c   >&5
/usr/bin/ld: /tmp/ccsm3mmz.o: in function `main':
/home/deciduously/code/simplelib/configure:12519: warning: Using 'dlopen' in statically linked applications requires at runtime the shared libraries from the glibc version used for linking
configure:12543: $? = 0
conftest: undefined symbol: _fnord
configure:12561: result: no
configure:12600: checking whether stripping libraries is possible
configure:12609: result: yes
configure:12651: checking if libtool supports shared libraries
configure:12653: result: yes
configure:12656: checking whether to build shared libraries
configure:12681: result: yes
configure:12684: checking whether to build static libraries
configure:12688: result: yes
configure:12778: checking for gcc
configure:12810: result: gcc
configure:13163: checking for C compiler version
configure:13172: gcc --version >&5
gcc (GCC) 12.1.1 20220507 (Red Hat 12.1.1-1)
Copyright (C) 2022 Free Software Foundation, Inc.
This is free software; see the source for copying conditions.  There is NO
warranty; not even for MERCHANTABILITY or FITNESS FOR A PARTICULAR PURPOSE.

configure:13183: $? = 0
configure:13172: gcc -v >&5
Using built-in specs.
COLLECT_GCC=/usr/bin/gcc
COLLECT_LTO_WRAPPER=/usr/libexec/gcc/x86_64-redhat-linux/12/lto-wrapper
OFFLOAD_TARGET_NAMES=nvptx-none
OFFLOAD_TARGET_DEFAULT=1
Target: x86_64-redhat-linux
Configured with: ../configure --enable-bootstrap --enable-languages=c,c++,fortran,objc,obj-c++,ada,go,d,lto --prefix=/usr --mandir=/usr/share/man --infodir=/usr/share/info --with-bugurl=http://bugzilla.redhat.com/bugzilla --enable-shared --enable-threads=posix --enable-checking=release --enable-multilib --with-system-zlib --enable-__cxa_atexit --disable-libunwind-exceptions --enable-gnu-unique-object --enable-linker-build-id --with-gcc-major-version-only --enable-libstdcxx-backtrace --with-linker-hash-style=gnu --enable-plugin --enable-initfini-array --with-isl=/builddir/build/BUILD/gcc-12.1.1-20220507/obj-x86_64-redhat-linux/isl-install --enable-offload-targets=nvptx-none --without-cuda-driver --enable-offload-defaulted --enable-gnu-indirect-function --enable-cet --with-tune=generic --with-arch_32=i686 --build=x86_64-redhat-linux --with-build-config=bootstrap-lto --enable-link-serialization=1
Thread model: posix
Supported LTO compression algorithms: zlib zstd
gcc version 12.1.1 20220507 (Red Hat 12.1.1-1) (GCC) 
... rest of stderr output deleted ...
configure:13183: $? = 0
configure:13172: gcc -V >&5
gcc: error: unrecognized command-line option '-V'
gcc: fatal error: no input files
compilation terminated.
configure:13183: $? = 1
configure:13172: gcc -qversion >&5
gcc: error: unrecognized command-line option '-qversion'; did you mean '--version'?
gcc: fatal error: no input files
compilation terminated.
configure:13183: $? = 1
configure:13172: gcc -version >&5
gcc: error: unrecognized command-line option '-version'
gcc: fatal error: no input files
compilation terminated.
configure:13183: $? = 1
configure:13187: checking whether the compiler supports GNU C
configure:13217: result: yes
configure:13228: checking whether gcc accepts -g
configure:13293: result: yes
configure:13313: checking for gcc option to enable C11 features
configure:13346: result: none needed
configure:13462: checking whether gcc understands -c and -o together
configure:13500: result: yes
configure:13519: checking dependency style of gcc
configure:13631: result: gcc3
configure:13752: checking that generated files are newer than configure
configure:13758: result: done
configure:13785: creating ./config.status

## ---------------------- ##
## Running config.status. ##
## ---------------------- ##

This file was extended by simplelib config.status 0.1.0, which was
generated by GNU Autoconf 2.71.  Invocation command line was

  CONFIG_FILES    = 
  CONFIG_HEADERS  = 
  CONFIG_LINKS    = 
  CONFIG_COMMANDS = 
  $ ./config.status 

on shepard

config.status:1083: creating Makefile
config.status:1083: creating src/Makefile
config.status:1083: creating config.h
config.status:1264: config.h is unchanged
config.status:1312: executing depfiles commands
config.status:1389: cd src       && sed -e '/# am--include-marker/d' Makefile         | make -f - am--depfiles
make: Nothing to be done for 'am--depfiles'.
config.status:1394: $? = 0
config.status:1312: executing libtool commands

## ---------------- ##
## Cache variables. ##
## ---------------- ##

ac_cv_build=x86_64-pc-linux-gnu
ac_cv_c_compiler_gnu=yes
ac_cv_env_CC_set=
ac_cv_env_CC_value=
ac_cv_env_CFLAGS_set=
ac_cv_env_CFLAGS_value=
ac_cv_env_CPPFLAGS_set=
ac_cv_env_CPPFLAGS_value=
ac_cv_env_LDFLAGS_set=
ac_cv_env_LDFLAGS_value=
ac_cv_env_LIBS_set=
ac_cv_env_LIBS_value=
ac_cv_env_LT_SYS_LIBRARY_PATH_set=
ac_cv_env_LT_SYS_LIBRARY_PATH_value=
ac_cv_env_build_alias_set=
ac_cv_env_build_alias_value=
ac_cv_env_host_alias_set=
ac_cv_env_host_alias_value=
ac_cv_env_target_alias_set=
ac_cv_env_target_alias_value=
ac_cv_func_dlopen=yes
ac_cv_func_shl_load=no
ac_cv_header_dlfcn_h=yes
ac_cv_header_inttypes_h=yes
ac_cv_header_stdint_h=yes
ac_cv_header_stdio_h=yes
ac_cv_header_stdlib_h=yes
ac_cv_header_string_h=yes
ac_cv_header_strings_h=yes
ac_cv_header_sys_stat_h=yes
ac_cv_header_sys_types_h=yes
ac_cv_header_unistd_h=yes
ac_cv_host=x86_64-pc-linux-gnu
ac_cv_lib_dld_shl_load=no
ac_cv_objext=o
ac_cv_path_EGREP='/usr/bin/grep -E'
ac_cv_path_FGREP='/usr/bin/grep -F'
ac_cv_path_GREP=/usr/bin/grep
ac_cv_path_SED=/usr/bin/sed
ac_cv_path_install='/usr/bin/install -c'
ac_cv_path_lt_DD=/usr/bin/dd
ac_cv_path_mkdir=/usr/bin/mkdir
ac_cv_prog_AWK=gawk
ac_cv_prog_ac_ct_AR=ar
ac_cv_prog_ac_ct_CC=gcc
ac_cv_prog_ac_ct_FILECMD=file
ac_cv_prog_ac_ct_OBJDUMP=objdump
ac_cv_prog_ac_ct_RANLIB=ranlib
ac_cv_prog_ac_ct_STRIP=strip
ac_cv_prog_cc_c11=
ac_cv_prog_cc_g=yes
ac_cv_prog_cc_stdc=
ac_cv_prog_make_make_set=yes
am_cv_CC_dependencies_compiler_type=gcc3
am_cv_ar_interface=ar
am_cv_make_support_nested_variables=yes
am_cv_prog_cc_c_o=yes
lt_cv_ar_at_file=@
lt_cv_archive_cmds_need_lc=no
lt_cv_deplibs_check_method=pass_all
lt_cv_dlopen=dlopen
lt_cv_dlopen_libs=
lt_cv_dlopen_self=yes
lt_cv_dlopen_self_static=no
lt_cv_file_magic_cmd='$MAGIC_CMD'
lt_cv_file_magic_test_file=
lt_cv_ld_reload_flag=-r
lt_cv_nm_interface='BSD nm'
lt_cv_objdir=.libs
lt_cv_path_LD=/usr/bin/ld
lt_cv_path_NM='/usr/bin/nm -B'
lt_cv_path_mainfest_tool=no
lt_cv_prog_compiler_c_o=yes
lt_cv_prog_compiler_pic='-fPIC -DPIC'
lt_cv_prog_compiler_pic_works=yes
lt_cv_prog_compiler_rtti_exceptions=no
lt_cv_prog_compiler_static_works=yes
lt_cv_prog_gnu_ld=yes
lt_cv_sharedlib_from_linklib_cmd='printf %s\n'
lt_cv_shlibpath_overrides_runpath=yes
lt_cv_sys_global_symbol_pipe='/usr/bin/sed -n -e '\''s/^.*[	 ]\([ABCDGIRSTW][ABCDGIRSTW]*\)[	 ][	 ]*\([_A-Za-z][_A-Za-z0-9]*\)$/\1 \2 \2/p'\'' | /usr/bin/sed '\''/ __gnu_lto/d'\'''
lt_cv_sys_global_symbol_to_c_name_address='/usr/bin/sed -n -e '\''s/^: \(.*\) .*$/  {"\1", (void *) 0},/p'\'' -e '\''s/^[ABCDGIRSTW][ABCDGIRSTW]* .* \(.*\)$/  {"\1", (void *) \&\1},/p'\'''
lt_cv_sys_global_symbol_to_c_name_address_lib_prefix='/usr/bin/sed -n -e '\''s/^: \(.*\) .*$/  {"\1", (void *) 0},/p'\'' -e '\''s/^[ABCDGIRSTW][ABCDGIRSTW]* .* \(lib.*\)$/  {"\1", (void *) \&\1},/p'\'' -e '\''s/^[ABCDGIRSTW][ABCDGIRSTW]* .* \(.*\)$/  {"lib\1", (void *) \&\1},/p'\'''
lt_cv_sys_global_symbol_to_cdecl='/usr/bin/sed -n -e '\''s/^T .* \(.*\)$/extern int \1();/p'\'' -e '\''s/^[ABCDGIRSTW][ABCDGIRSTW]* .* \(.*\)$/extern char \1;/p'\'''
lt_cv_sys_global_symbol_to_import=
lt_cv_sys_max_cmd_len=1572864
lt_cv_to_host_file_cmd=func_convert_file_noop
lt_cv_to_tool_file_cmd=func_convert_file_noop
lt_cv_truncate_bin='/usr/bin/dd bs=4096 count=1'

## ----------------- ##
## Output variables. ##
## ----------------- ##

ACLOCAL='${SHELL} '\''/home/deciduously/code/simplelib/missing'\'' aclocal-1.16'
AMDEPBACKSLASH='\'
AMDEP_FALSE='#'
AMDEP_TRUE=''
AMTAR='$${TAR-tar}'
AM_BACKSLASH='\'
AM_DEFAULT_V='$(AM_DEFAULT_VERBOSITY)'
AM_DEFAULT_VERBOSITY='1'
AM_V='$(V)'
AR='ar'
AUTOCONF='${SHELL} '\''/home/deciduously/code/simplelib/missing'\'' autoconf'
AUTOHEADER='${SHELL} '\''/home/deciduously/code/simplelib/missing'\'' autoheader'
AUTOMAKE='${SHELL} '\''/home/deciduously/code/simplelib/missing'\'' automake-1.16'
AWK='gawk'
CC='gcc'
CCDEPMODE='depmode=gcc3'
CFLAGS='-g -O2'
CPPFLAGS=''
CSCOPE='cscope'
CTAGS='ctags'
CYGPATH_W='echo'
DEFS='-DHAVE_CONFIG_H'
DEPDIR='.deps'
DLLTOOL='false'
DSYMUTIL=''
DUMPBIN=''
ECHO_C=''
ECHO_N='-n'
ECHO_T=''
EGREP='/usr/bin/grep -E'
ETAGS='etags'
EXEEXT=''
FGREP='/usr/bin/grep -F'
FILECMD='file'
GREP='/usr/bin/grep'
INSTALL_DATA='${INSTALL} -m 644'
INSTALL_PROGRAM='${INSTALL}'
INSTALL_SCRIPT='${INSTALL}'
INSTALL_STRIP_PROGRAM='$(install_sh) -c -s'
LD='/usr/bin/ld -m elf_x86_64'
LDFLAGS=''
LIBOBJS=''
LIBS=''
LIBTOOL='$(SHELL) $(top_builddir)/libtool'
LIPO=''
LN_S='ln -s'
LTLIBOBJS=''
LT_SYS_LIBRARY_PATH=''
MAKEINFO='${SHELL} '\''/home/deciduously/code/simplelib/missing'\'' makeinfo'
MANIFEST_TOOL=':'
MKDIR_P='/usr/bin/mkdir -p'
NM='/usr/bin/nm -B'
NMEDIT=''
OBJDUMP='objdump'
OBJEXT='o'
OTOOL64=''
OTOOL=''
PACKAGE='simplelib'
PACKAGE_BUGREPORT='bugs@tangram.dev'
PACKAGE_NAME='simplelib'
PACKAGE_STRING='simplelib 0.1.0'
PACKAGE_TARNAME='simplelib'
PACKAGE_URL=''
PACKAGE_VERSION='0.1.0'
PATH_SEPARATOR=':'
RANLIB='ranlib'
SED='/usr/bin/sed'
SET_MAKE=''
SHELL='/bin/sh'
STRIP='strip'
VERSION='0.1.0'
ac_ct_AR='ar'
ac_ct_CC='gcc'
ac_ct_DUMPBIN=''
am__EXEEXT_FALSE=''
am__EXEEXT_TRUE='#'
am__fastdepCC_FALSE='#'
am__fastdepCC_TRUE=''
am__include='include'
am__isrc=''
am__leading_dot='.'
am__nodep='_no'
am__quote=''
am__tar='$${TAR-tar} chof - "$$tardir"'
am__untar='$${TAR-tar} xf -'
bindir='${exec_prefix}/bin'
build='x86_64-pc-linux-gnu'
build_alias=''
build_cpu='x86_64'
build_os='linux-gnu'
build_vendor='pc'
datadir='${datarootdir}'
datarootdir='${prefix}/share'
docdir='${datarootdir}/doc/${PACKAGE_TARNAME}'
dvidir='${docdir}'
exec_prefix='${prefix}'
host='x86_64-pc-linux-gnu'
host_alias=''
host_cpu='x86_64'
host_os='linux-gnu'
host_vendor='pc'
htmldir='${docdir}'
includedir='${prefix}/include'
infodir='${datarootdir}/info'
install_sh='${SHELL} /home/deciduously/code/simplelib/install-sh'
libdir='${exec_prefix}/lib'
libexecdir='${exec_prefix}/libexec'
localedir='${datarootdir}/locale'
localstatedir='${prefix}/var'
mandir='${datarootdir}/man'
mkdir_p='$(MKDIR_P)'
oldincludedir='/usr/include'
pdfdir='${docdir}'
prefix='/usr/local'
program_transform_name='s,x,x,'
psdir='${docdir}'
runstatedir='${localstatedir}/run'
sbindir='${exec_prefix}/sbin'
sharedstatedir='${prefix}/com'
sysconfdir='${prefix}/etc'
target_alias=''

## ----------- ##
## confdefs.h. ##
## ----------- ##

/* confdefs.h */
#define PACKAGE_NAME "simplelib"
#define PACKAGE_TARNAME "simplelib"
#define PACKAGE_VERSION "0.1.0"
#define PACKAGE_STRING "simplelib 0.1.0"
#define PACKAGE_BUGREPORT "bugs@tangram.dev"
#define PACKAGE_URL ""
#define PACKAGE "simplelib"
#define VERSION "0.1.0"
#define HAVE_STDIO_H 1
#define HAVE_STDLIB_H 1
#define HAVE_STRING_H 1
#define HAVE_INTTYPES_H 1
#define HAVE_STDINT_H 1
#define HAVE_STRINGS_H 1
#define HAVE_SYS_STAT_H 1
#define HAVE_SYS_TYPES_H 1
#define HAVE_UNISTD_H 1
#define STDC_HEADERS 1
#define HAVE_DLFCN_H 1
#define LT_OBJDIR ".libs/"

configure: exit 0

## ---------------------- ##
## Running config.status. ##
## ---------------------- ##

This file was extended by simplelib config.status 0.1.0, which was
generated by GNU Autoconf 2.71.  Invocation command line was

  CONFIG_FILES    = 
  CONFIG_HEADERS  = 
  CONFIG_LINKS    = 
  CONFIG_COMMANDS = 
  $ ./config.status config.h

on shepard

config.status:1083: creating config.h
config.status:1264: config.h is unchanged
